<?xml version="1.0" encoding="utf-8"?><testsuites name="pytest tests"><testsuite name="pytest" errors="0" failures="0" skipped="0" tests="13" time="2.698" timestamp="2026-03-30T17:53:45.064844+00:00" hostname="agent-env-fb6376c4-3449-41eb-bcab-010cf7016d4b"><testcase classname="backend.tests.test_audit_readiness_v2.TestGetAuditReadiness" name="test_returns_expected_shape" time="0.547" /><testcase classname="backend.tests.test_audit_readiness_v2.TestGetAuditReadiness" name="test_total_checks_is_int" time="0.118" /><testcase classname="backend.tests.test_audit_readiness_v2.TestPostAuditReadiness" name="test_all_yes_returns_green" time="0.194" /><testcase classname="backend.tests.test_audit_readiness_v2.TestPostAuditReadiness" name="test_ia_01_not_sure_critical_override" time="0.173" /><testcase classname="backend.tests.test_audit_readiness_v2.TestPostAuditReadiness" name="test_ar_01_no_critical_override" time="0.133" /><testcase classname="backend.tests.test_audit_readiness_v2.TestPostAuditReadiness" name="test_mixed_not_sure_populates_not_sure_verify_lines" time="0.133" /><testcase classname="backend.tests.test_audit_readiness_v2.TestPostAuditReadiness" name="test_returns_check_id" time="0.207" /><testcase classname="backend.tests.test_audit_readiness_v2.TestHistoryAndGetCheck" name="test_history_returns_array" time="0.153" /><testcase classname="backend.tests.test_audit_readiness_v2.TestHistoryAndGetCheck" name="test_history_sorted_desc" time="0.133" /><testcase classname="backend.tests.test_audit_readiness_v2.TestHistoryAndGetCheck" name="test_get_specific_check" time="0.229" /><testcase classname="backend.tests.test_audit_readiness_v2.TestAdminEndpoints" name="test_admin_list_returns_array" time="0.104" /><testcase classname="backend.tests.test_audit_readiness_v2.TestAdminEndpoints" name="test_admin_verify_domain" time="0.249" /><testcase classname="backend.tests.test_audit_readiness_v2.TestAdminEndpoints" name="test_admin_verify_domain_invalid_domain" time="0.261" /></testsuite></testsuites>