<?xml version="1.0" encoding="utf-8"?><testsuites name="pytest tests"><testsuite name="pytest" errors="0" failures="0" skipped="0" tests="10" time="3.199" timestamp="2026-03-30T16:48:39.866414+00:00" hostname="agent-env-fb6376c4-3449-41eb-bcab-010cf7016d4b"><testcase classname="test_reports.test_audit_readiness.TestAuditReadinessBackend" name="test_get_audit_readiness_returns_enrolled_false_for_admin" time="0.321" /><testcase classname="test_reports.test_audit_readiness.TestAuditReadinessBackend" name="test_get_audit_readiness_has_expected_fields" time="0.190" /><testcase classname="test_reports.test_audit_readiness.TestAuditReadinessBackend" name="test_post_answers_all_yes_returns_green" time="0.225" /><testcase classname="test_reports.test_audit_readiness.TestAuditReadinessBackend" name="test_post_answers_with_no_gives_red" time="0.207" /><testcase classname="test_reports.test_audit_readiness.TestAuditReadinessBackend" name="test_post_answers_with_not_sure_gives_yellow" time="0.222" /><testcase classname="test_reports.test_audit_readiness.TestAuditReadinessBackend" name="test_get_admin_audit_readiness_returns_array" time="0.185" /><testcase classname="test_reports.test_audit_readiness.TestAuditReadinessBackend" name="test_admin_verify_domain" time="0.233" /><testcase classname="test_reports.test_audit_readiness.TestAuditReadinessBackend" name="test_admin_verify_invalid_domain_returns_400" time="0.382" /><testcase classname="test_reports.test_audit_readiness.TestAuditReadinessBackend" name="test_send_email_returns_meaningful_response" time="0.839" /><testcase classname="test_reports.test_audit_readiness.TestAuditReadinessBackend" name="test_unauthenticated_access_denied" time="0.333" /></testsuite></testsuites>