<?xml version="1.0" encoding="utf-8"?><testsuites name="pytest tests"><testsuite name="pytest" errors="0" failures="0" skipped="0" tests="7" time="1.556" timestamp="2026-03-17T15:40:10.057549+00:00" hostname="agent-env-fb6376c4-3449-41eb-bcab-010cf7016d4b"><testcase classname="backend.tests.test_cpm.TestCPMEmailCapture" name="test_email_capture_returns_ok" time="0.634" /><testcase classname="backend.tests.test_cpm.TestCPMEmailCapture" name="test_email_capture_invalid_email" time="0.135" /><testcase classname="backend.tests.test_cpm.TestCPMEmailCapture" name="test_email_capture_missing_email" time="0.130" /><testcase classname="backend.tests.test_cpm.TestCPMSaved" name="test_unauthenticated_returns_null" time="0.148" /><testcase classname="backend.tests.test_cpm.TestCPMSaved" name="test_paid_user_saved_endpoint" time="0.153" /><testcase classname="backend.tests.test_cpm.TestCPMSave" name="test_save_requires_auth" time="0.146" /><testcase classname="backend.tests.test_cpm.TestCPMSave" name="test_paid_user_can_save" time="0.153" /></testsuite></testsuites>