<?xml version="1.0" encoding="utf-8"?><testsuites name="pytest tests"><testsuite name="pytest" errors="0" failures="0" skipped="0" tests="9" time="4.658" timestamp="2026-03-20T19:33:24.339374+00:00" hostname="agent-env-fb6376c4-3449-41eb-bcab-010cf7016d4b"><testcase classname="backend.tests.test_ground0.TestAuthRegister" name="test_register_new_user" time="0.523" /><testcase classname="backend.tests.test_ground0.TestAuthRegister" name="test_register_duplicate_returns_409" time="0.544" /><testcase classname="backend.tests.test_ground0.TestAuthRegister" name="test_register_missing_fields" time="0.157" /><testcase classname="backend.tests.test_ground0.TestAuthLogin" name="test_coach_login_works" time="0.155" /><testcase classname="backend.tests.test_ground0.TestAuthLogin" name="test_wrong_password_returns_401" time="0.143" /><testcase classname="backend.tests.test_ground0.TestAuthLogin" name="test_regular_user_login" time="0.748" /><testcase classname="backend.tests.test_ground0.TestGround0Progress" name="test_save_and_get_progress" time="0.787" /><testcase classname="backend.tests.test_ground0.TestGround0Progress" name="test_save_progress_with_decision" time="0.749" /><testcase classname="backend.tests.test_ground0.TestGround0Progress" name="test_unauthenticated_progress_post" time="0.793" /></testsuite></testsuites>