<?xml version="1.0" encoding="utf-8"?><testsuites name="pytest tests"><testsuite name="pytest" errors="0" failures="0" skipped="0" tests="7" time="3.361" timestamp="2026-05-31T01:54:22.516552+00:00" hostname="agent-env-fb6376c4-3449-41eb-bcab-010cf7016d4b"><testcase classname="backend.tests.test_icp_lp_wrk_001.TestCohortSeats" name="test_cohort_seats_status" time="0.291" /><testcase classname="backend.tests.test_icp_lp_wrk_001.TestCohortSeats" name="test_cohort_seats_fields" time="0.163" /><testcase classname="backend.tests.test_icp_lp_wrk_001.TestREACHSubmitICP" name="test_reach_with_all_icp_fields_returns_icp_score" time="0.586" /><testcase classname="backend.tests.test_icp_lp_wrk_001.TestREACHSubmitICP" name="test_priority_go_score_above_85" time="0.561" /><testcase classname="backend.tests.test_icp_lp_wrk_001.TestREACHSubmitICP" name="test_low_score_nurture_far_or_not_ready" time="0.542" /><testcase classname="backend.tests.test_icp_lp_wrk_001.TestREACHSubmitICP" name="test_reach_without_icp_fields_succeeds" time="0.549" /><testcase classname="backend.tests.test_icp_lp_wrk_001.TestICPDBRecord" name="test_icp_record_stored_via_admin" time="0.594" /></testsuite></testsuites>