<?xml version="1.0" encoding="utf-8"?><testsuites name="pytest tests"><testsuite name="pytest" errors="0" failures="0" skipped="0" tests="8" time="2.062" timestamp="2026-05-31T17:28:01.780336+00:00" hostname="agent-env-fb6376c4-3449-41eb-bcab-010cf7016d4b"><testcase classname="backend.tests.test_lp_wrk_001_items5_10.TestCheckpoints" name="test_list_checkpoints_returns_carriers" time="0.298" /><testcase classname="backend.tests.test_lp_wrk_001_items5_10.TestCheckpoints" name="test_each_carrier_has_5_checkpoints" time="0.061" /><testcase classname="backend.tests.test_lp_wrk_001_items5_10.TestCheckpoints" name="test_checkpoint_fields_present" time="0.061" /><testcase classname="backend.tests.test_lp_wrk_001_items5_10.TestCheckpoints" name="test_patch_checkpoint_passed" time="0.106" /><testcase classname="backend.tests.test_lp_wrk_001_items5_10.TestSequencesStats" name="test_list_sequences_returns_stats" time="0.052" /><testcase classname="backend.tests.test_lp_wrk_001_items5_10.TestSequencesStats" name="test_sequences_list_present" time="0.052" /><testcase classname="backend.tests.test_lp_wrk_001_items5_10.TestNurtureFarEnrollment" name="test_nurture_far_reach_creates_sequence" time="0.737" /><testcase classname="backend.tests.test_lp_wrk_001_items5_10.TestNurtureNearEnrollment" name="test_nurture_near_reach_creates_sequence" time="0.633" /></testsuite></testsuites>