<?xml version="1.0" encoding="utf-8"?><testsuites name="pytest tests"><testsuite name="pytest" errors="0" failures="0" skipped="0" tests="9" time="2.192" timestamp="2026-03-25T16:07:42.882703+00:00" hostname="agent-env-fb6376c4-3449-41eb-bcab-010cf7016d4b"><testcase classname="backend.tests.test_p0_features.TestChecklistEndpoints" name="test_get_checklist_returns_empty" time="0.197" /><testcase classname="backend.tests.test_p0_features.TestChecklistEndpoints" name="test_post_checklist_item_checked_true" time="0.056" /><testcase classname="backend.tests.test_p0_features.TestChecklistEndpoints" name="test_get_after_post_contains_item" time="0.056" /><testcase classname="backend.tests.test_p0_features.TestChecklistEndpoints" name="test_post_checklist_item_checked_false" time="0.062" /><testcase classname="backend.tests.test_p0_features.TestChecklistEndpoints" name="test_get_after_unchecked_removes_item" time="0.052" /><testcase classname="backend.tests.test_p0_features.TestChecklistEndpoints" name="test_checklist_unauthenticated_returns_401" time="0.143" /><testcase classname="backend.tests.test_p0_features.TestGateReviewDecide" name="test_decide_revisions_needed" time="0.513" /><testcase classname="backend.tests.test_p0_features.TestGateReviewDecide" name="test_decide_invalid_status_rejected" time="0.098" /><testcase classname="backend.tests.test_p0_features.TestGateReviewDecide" name="test_decide_approved" time="0.954" /></testsuite></testsuites>