<?xml version="1.0" encoding="utf-8"?><testsuites name="pytest tests"><testsuite name="pytest" errors="0" failures="0" skipped="0" tests="10" time="1.078" timestamp="2026-05-31T17:43:48.359445+00:00" hostname="agent-env-fb6376c4-3449-41eb-bcab-010cf7016d4b"><testcase classname="backend.tests.test_p1_items.TestCohortSeats" name="test_cohort_seats_status" time="0.178" /><testcase classname="backend.tests.test_p1_items.TestCohortSeats" name="test_cohort_seats_fields" time="0.115" /><testcase classname="backend.tests.test_p1_items.TestCohortSeats" name="test_cohort_seats_values_sane" time="0.110" /><testcase classname="backend.tests.test_p1_items.TestCohortSeats" name="test_near_capacity_threshold" time="0.126" /><testcase classname="backend.tests.test_p1_items.TestAuditWindow" name="test_unauthenticated_returns_no_data" time="0.115" /><testcase classname="backend.tests.test_p1_items.TestAuditWindow" name="test_authenticated_with_grant_date" time="0.174" /><testcase classname="backend.tests.test_p1_items.TestAuditWindow" name="test_audit_window_fields" time="0.051" /><testcase classname="backend.tests.test_p1_items.TestAuditWindow" name="test_audit_window_urgency_valid" time="0.051" /><testcase classname="backend.tests.test_p1_items.TestAuditWindow" name="test_audit_window_urgency_tiers" time="0.050" /><testcase classname="backend.tests.test_p1_items.TestAuditWindow" name="test_pct_elapsed_range" time="0.049" /></testsuite></testsuites>