<?xml version="1.0" encoding="utf-8"?><testsuites name="pytest tests"><testsuite name="pytest" errors="0" failures="0" skipped="0" tests="21" time="4.076" timestamp="2026-03-25T12:23:42.676893+00:00" hostname="agent-env-fb6376c4-3449-41eb-bcab-010cf7016d4b"><testcase classname="tests.test_phase4_community.TestLessonViewed" name="test_mark_lesson_viewed_authenticated" time="0.172" /><testcase classname="tests.test_phase4_community.TestLessonViewed" name="test_mark_lesson_viewed_unauthenticated" time="0.182" /><testcase classname="tests.test_phase4_community.TestLessonProgress" name="test_lesson_progress_authenticated" time="0.153" /><testcase classname="tests.test_phase4_community.TestLessonProgress" name="test_lesson_progress_unauthenticated" time="0.104" /><testcase classname="tests.test_phase4_community.TestRegistryId" name="test_registry_id_no_mod6_approval" time="0.106" /><testcase classname="tests.test_phase4_community.TestRegistryId" name="test_registry_id_unauthenticated" time="0.102" /><testcase classname="tests.test_phase4_community.TestPortalAnnouncements" name="test_portal_announcements_authenticated" time="0.104" /><testcase classname="tests.test_phase4_community.TestPortalAnnouncements" name="test_portal_announcements_unauthenticated" time="0.134" /><testcase classname="tests.test_phase4_community.TestLessonQA" name="test_get_lesson_qa_authenticated" time="0.119" /><testcase classname="tests.test_phase4_community.TestLessonQA" name="test_get_lesson_qa_unauthenticated" time="0.181" /><testcase classname="tests.test_phase4_community.TestLessonQA" name="test_post_lesson_question" time="0.147" /><testcase classname="tests.test_phase4_community.TestLessonQA" name="test_post_empty_question_rejected" time="0.157" /><testcase classname="tests.test_phase4_community.TestAdminAnnouncements" name="test_list_admin_announcements" time="0.112" /><testcase classname="tests.test_phase4_community.TestAdminAnnouncements" name="test_create_announcement" time="0.101" /><testcase classname="tests.test_phase4_community.TestAdminAnnouncements" name="test_toggle_announcement" time="0.105" /><testcase classname="tests.test_phase4_community.TestAdminAnnouncements" name="test_delete_announcement" time="0.118" /><testcase classname="tests.test_phase4_community.TestAdminAnnouncements" name="test_delete_nonexistent_announcement" time="0.104" /><testcase classname="tests.test_phase4_community.TestAdminLessonQA" name="test_list_all_qa" time="0.101" /><testcase classname="tests.test_phase4_community.TestAdminLessonQA" name="test_reply_to_qa" time="0.116" /><testcase classname="tests.test_phase4_community.TestAdminLessonQA" name="test_reply_to_nonexistent_qa" time="0.107" /><testcase classname="tests.test_phase4_community.TestRegistryIDGeneration" name="test_registry_id_generated_on_mod6_approval" time="0.852" /></testsuite></testsuites>