<?xml version="1.0" encoding="utf-8"?><testsuites name="pytest tests"><testsuite name="pytest" errors="0" failures="2" skipped="0" tests="17" time="2.797" timestamp="2026-03-25T04:07:31.153944+00:00" hostname="agent-env-fb6376c4-3449-41eb-bcab-010cf7016d4b"><testcase classname="backend.tests.test_phase2_gates" name="test_gate_status_unauthenticated" time="0.227" /><testcase classname="backend.tests.test_phase2_gates" name="test_gate_status_authenticated" time="0.157" /><testcase classname="backend.tests.test_phase2_gates" name="test_gate_submit_unauthenticated" time="0.137" /><testcase classname="backend.tests.test_phase2_gates" name="test_gate_submit_invalid_gate_type" time="0.142" /><testcase classname="backend.tests.test_phase2_gates" name="test_gate_submit_module_mismatch" time="0.103" /><testcase classname="backend.tests.test_phase2_gates" name="test_gate_submit_dqf_success" time="0.130" /><testcase classname="backend.tests.test_phase2_gates" name="test_gate_status_shows_pending_after_submit" time="0.233" /><testcase classname="backend.tests.test_phase2_gates" name="test_module_complete_unauthenticated" time="0.102" /><testcase classname="backend.tests.test_phase2_gates" name="test_module_complete_gate_module_rejected" time="0.107" /><testcase classname="backend.tests.test_phase2_gates" name="test_module_complete_success" time="0.092" /><testcase classname="backend.tests.test_phase2_gates" name="test_admin_gate_reviews_unauthenticated" time="0.156"><failure message="assert 403 == 401&#10; +  where 403 = &lt;Response [403]&gt;.status_code">backend/tests/test_phase2_gates.py:134: in test_admin_gate_reviews_unauthenticated
    assert res.status_code == 401
E   assert 403 == 401
E    +  where 403 = &lt;Response [403]&gt;.status_code</failure></testcase><testcase classname="backend.tests.test_phase2_gates" name="test_admin_gate_reviews_list" time="0.122" /><testcase classname="backend.tests.test_phase2_gates" name="test_admin_gate_reviews_pending_filter" time="0.101" /><testcase classname="backend.tests.test_phase2_gates" name="test_admin_decide_unauthenticated" time="0.133"><failure message="assert 403 == 401&#10; +  where 403 = &lt;Response [403]&gt;.status_code">backend/tests/test_phase2_gates.py:161: in test_admin_decide_unauthenticated
    assert res.status_code == 401
E   assert 403 == 401
E    +  where 403 = &lt;Response [403]&gt;.status_code</failure></testcase><testcase classname="backend.tests.test_phase2_gates" name="test_admin_decide_not_found" time="0.104" /><testcase classname="backend.tests.test_phase2_gates" name="test_admin_decide_invalid_decision" time="0.277" /><testcase classname="backend.tests.test_phase2_gates" name="test_admin_decide_approve" time="0.379" /></testsuite></testsuites>