<?xml version="1.0" encoding="utf-8"?><testsuites name="pytest tests"><testsuite name="pytest" errors="0" failures="0" skipped="0" tests="4" time="1.756" timestamp="2026-03-25T21:48:10.825500+00:00" hostname="agent-env-fb6376c4-3449-41eb-bcab-010cf7016d4b"><testcase classname="backend.tests.test_program_checkout.TestProgramCheckout" name="test_create_program_checkout_returns_200" time="0.668" /><testcase classname="backend.tests.test_program_checkout.TestProgramCheckout" name="test_create_program_checkout_returns_checkout_url" time="0.412" /><testcase classname="backend.tests.test_program_checkout.TestProgramCheckout" name="test_create_program_checkout_returns_session_id" time="0.411" /><testcase classname="backend.tests.test_program_checkout.TestProgramCheckout" name="test_create_program_checkout_missing_body_returns_error" time="0.204" /></testsuite></testsuites>