<?xml version="1.0" encoding="utf-8"?><testsuites name="pytest tests"><testsuite name="pytest" errors="0" failures="0" skipped="0" tests="6" time="0.866" timestamp="2026-03-21T02:19:47.533369+00:00" hostname="agent-env-fb6376c4-3449-41eb-bcab-010cf7016d4b"><testcase classname="backend.tests.test_stripe_webhook.TestHealth" name="test_root_returns_200" time="0.158" /><testcase classname="backend.tests.test_stripe_webhook.TestWebhookRoutes" name="test_webhook_stripe_route_registered" time="0.115" /><testcase classname="backend.tests.test_stripe_webhook.TestWebhookRoutes" name="test_stripe_webhook_route_registered" time="0.104" /><testcase classname="backend.tests.test_stripe_webhook.TestStripeWebhookSignature" name="test_valid_stripe_signature_checkout_completed" time="0.136" /><testcase classname="backend.tests.test_stripe_webhook.TestCoachAuth" name="test_coach_login" time="0.102" /><testcase classname="backend.tests.test_stripe_webhook.TestCoachAuth" name="test_admin_module_content_with_coach_session" time="0.200" /></testsuite></testsuites>