<?xml version="1.0" encoding="utf-8"?><testsuites name="pytest tests"><testsuite name="pytest" errors="0" failures="0" skipped="0" tests="14" time="2.726" timestamp="2026-03-13T17:08:02.328688+00:00" hostname="agent-env-fb6376c4-3449-41eb-bcab-010cf7016d4b"><testcase classname="backend.tests.test_tasks_workflow.TestTasksGetAndSeed" name="test_get_tasks_authenticated" time="0.246" /><testcase classname="backend.tests.test_tasks_workflow.TestTasksGetAndSeed" name="test_get_tasks_has_10_tasks" time="0.189" /><testcase classname="backend.tests.test_tasks_workflow.TestTasksGetAndSeed" name="test_tasks_have_required_fields" time="0.137" /><testcase classname="backend.tests.test_tasks_workflow.TestTasksGetAndSeed" name="test_get_tasks_unauthenticated_returns_401" time="0.130" /><testcase classname="backend.tests.test_tasks_workflow.TestTasksGetAndSeed" name="test_get_tasks_wrong_carrier_returns_403" time="0.119" /><testcase classname="backend.tests.test_tasks_workflow.TestTaskSubmit" name="test_submit_task_success" time="0.320" /><testcase classname="backend.tests.test_tasks_workflow.TestTaskSubmit" name="test_submit_task_updates_status_in_db" time="0.348" /><testcase classname="backend.tests.test_tasks_workflow.TestTaskSubmit" name="test_submit_unauthenticated_returns_401" time="0.178" /><testcase classname="backend.tests.test_tasks_workflow.TestCoachProtectedEndpoints" name="test_verify_task_requires_coach" time="0.127" /><testcase classname="backend.tests.test_tasks_workflow.TestCoachProtectedEndpoints" name="test_remediate_task_requires_coach" time="0.128" /><testcase classname="backend.tests.test_tasks_workflow.TestCoachProtectedEndpoints" name="test_coach_carriers_requires_coach" time="0.157" /><testcase classname="backend.tests.test_tasks_workflow.TestCoachProtectedEndpoints" name="test_coach_endpoints_anon_403" time="0.108" /><testcase classname="backend.tests.test_tasks_workflow.TestSignalAfterSubmit" name="test_signal_returns_pulse" time="0.160" /><testcase classname="backend.tests.test_tasks_workflow.TestSignalAfterSubmit" name="test_signal_pulse_100_after_submit" time="0.264" /></testsuite></testsuites>