<?xml version="1.0" encoding="utf-8"?><testsuites name="pytest tests"><testsuite name="pytest" errors="0" failures="0" skipped="0" tests="5" time="0.893" timestamp="2026-03-16T12:28:15.553196+00:00" hostname="agent-env-fb6376c4-3449-41eb-bcab-010cf7016d4b"><testcase classname="backend.tests.test_iteration43.TestAuthMe" name="test_auth_me_with_valid_paid_cookie" time="0.239" /><testcase classname="backend.tests.test_iteration43.TestAuthMe" name="test_auth_me_no_cookie_returns_401" time="0.124" /><testcase classname="backend.tests.test_iteration43.TestPortalAccess" name="test_portal_access_paid_user" time="0.112" /><testcase classname="backend.tests.test_iteration43.TestPortalAccess" name="test_portal_access_nopaid_user" time="0.115" /><testcase classname="backend.tests.test_iteration43.TestPortalAccess" name="test_portal_access_no_cookie" time="0.133" /></testsuite></testsuites>