<?xml version="1.0" encoding="utf-8"?><testsuites name="pytest tests"><testsuite name="pytest" errors="0" failures="0" skipped="0" tests="6" time="1.762" timestamp="2026-03-20T02:35:59.412320+00:00" hostname="agent-env-fb6376c4-3449-41eb-bcab-010cf7016d4b"><testcase classname="backend.tests.test_admission_request.TestAdmissionRequest" name="test_valid_submission_returns_200" time="0.694" /><testcase classname="backend.tests.test_admission_request.TestAdmissionRequest" name="test_minimal_required_fields" time="0.499" /><testcase classname="backend.tests.test_admission_request.TestAdmissionRequest" name="test_missing_compliance_status_returns_422" time="0.135" /><testcase classname="backend.tests.test_admission_request.TestAdmissionRequest" name="test_missing_lane_returns_422" time="0.124" /><testcase classname="backend.tests.test_admission_request.TestAdmissionRequest" name="test_missing_carrier_name_returns_422" time="0.123" /><testcase classname="backend.tests.test_admission_request.TestAdmissionRequest" name="test_invalid_email_returns_422" time="0.141" /></testsuite></testsuites>