<?xml version="1.0" encoding="utf-8"?><testsuites name="pytest tests"><testsuite name="pytest" errors="0" failures="0" skipped="0" tests="9" time="1.270" timestamp="2026-03-21T00:52:46.518261+00:00" hostname="agent-env-fb6376c4-3449-41eb-bcab-010cf7016d4b"><testcase classname="backend.tests.test_tools_features.TestToolAccess" name="test_coach_has_access" time="0.212" /><testcase classname="backend.tests.test_tools_features.TestToolAccess" name="test_guest_no_access" time="0.108" /><testcase classname="backend.tests.test_tools_features.TestCPMSaveRetrieve" name="test_save_cpm" time="0.114" /><testcase classname="backend.tests.test_tools_features.TestCPMSaveRetrieve" name="test_get_saved_cpm" time="0.102" /><testcase classname="backend.tests.test_tools_features.TestCPMSaveRetrieve" name="test_guest_get_saved_cpm_returns_null" time="0.159" /><testcase classname="backend.tests.test_tools_features.TestLoadAnalysisSaveRetrieve" name="test_save_load_analysis" time="0.160" /><testcase classname="backend.tests.test_tools_features.TestLoadAnalysisSaveRetrieve" name="test_get_saved_load_analysis" time="0.103" /><testcase classname="backend.tests.test_tools_features.TestLoadAnalysisSaveRetrieve" name="test_unauthenticated_save_returns_401" time="0.118" /><testcase classname="backend.tests.test_tools_features.TestLoadAnalysisSaveRetrieve" name="test_guest_get_saved_returns_null" time="0.122" /></testsuite></testsuites>