<?xml version="1.0" encoding="utf-8"?><testsuites name="pytest tests"><testsuite name="pytest" errors="0" failures="1" skipped="0" tests="6" time="2.353" timestamp="2026-03-12T22:07:10.138595+00:00" hostname="agent-env-fb6376c4-3449-41eb-bcab-010cf7016d4b"><testcase classname="backend.tests.test_portal.TestPortalAccess" name="test_no_auth_cookie_returns_has_access_false" time="0.201" /><testcase classname="backend.tests.test_portal.TestPortalAccess" name="test_authenticated_paid_user_returns_has_access_true" time="0.133" /><testcase classname="backend.tests.test_portal.TestPortalAccess" name="test_authenticated_unpaid_user_returns_has_access_false" time="0.000"><failure message="ModuleNotFoundError: No module named 'mongomock'">backend/tests/test_portal.py:35: in test_authenticated_unpaid_user_returns_has_access_false
    import mongomock
E   ModuleNotFoundError: No module named 'mongomock'</failure></testcase><testcase classname="backend.tests.test_portal.TestPortalCheckout" name="test_checkout_returns_url_and_session_id" time="0.682" /><testcase classname="backend.tests.test_portal.TestPortalCheckout" name="test_checkout_unauthenticated_still_works" time="0.467" /><testcase classname="backend.tests.test_portal.TestPortalCheckout" name="test_checkout_status_endpoint" time="0.793" /></testsuite></testsuites>