<?xml version="1.0" encoding="utf-8"?><testsuites name="pytest tests"><testsuite name="pytest" errors="0" failures="0" skipped="0" tests="8" time="2.347" timestamp="2026-03-12T16:58:02.575201+00:00" hostname="agent-env-fb6376c4-3449-41eb-bcab-010cf7016d4b"><testcase classname="backend.tests.test_iteration5.TestAuthEndpoints" name="test_auth_me_no_session_returns_401" time="0.188" /><testcase classname="backend.tests.test_iteration5.TestAuthEndpoints" name="test_auth_logout_returns_ok" time="0.164" /><testcase classname="backend.tests.test_iteration5.TestAuthEndpoints" name="test_auth_me_with_valid_cookie" time="0.143" /><testcase classname="backend.tests.test_iteration5.TestAuthEndpoints" name="test_auth_me_with_bearer_token" time="0.169" /><testcase classname="backend.tests.test_iteration5.TestREACHEndpoint" name="test_reach_submit_go_result" time="0.698" /><testcase classname="backend.tests.test_iteration5.TestREACHEndpoint" name="test_reach_submit_wait_result" time="0.644" /><testcase classname="backend.tests.test_iteration5.TestREACHEndpoint" name="test_reach_invalid_email" time="0.124" /><testcase classname="backend.tests.test_iteration5.TestLogoutClearsSession" name="test_logout_with_session_cookie" time="0.115" /></testsuite></testsuites>