<?xml version="1.0" encoding="utf-8"?><testsuites name="pytest tests"><testsuite name="pytest" errors="0" failures="0" skipped="0" tests="9" time="1.666" timestamp="2026-03-23T21:47:50.471097+00:00" hostname="agent-env-fb6376c4-3449-41eb-bcab-010cf7016d4b"><testcase classname="backend.tests.test_auth_mobile.TestAuthLogin" name="test_admin_login_success" time="0.268" /><testcase classname="backend.tests.test_auth_mobile.TestAuthLogin" name="test_login_wrong_password" time="0.056" /><testcase classname="backend.tests.test_auth_mobile.TestAuthLogin" name="test_login_unknown_email" time="0.049" /><testcase classname="backend.tests.test_auth_mobile.TestAuthMe" name="test_me_without_session" time="0.110" /><testcase classname="backend.tests.test_auth_mobile.TestAuthMe" name="test_me_with_valid_session" time="0.110" /><testcase classname="backend.tests.test_auth_mobile.TestAuthRegister" name="test_register_new_user" time="0.429" /><testcase classname="backend.tests.test_auth_mobile.TestAuthRegister" name="test_register_duplicate_email" time="0.147" /><testcase classname="backend.tests.test_auth_mobile.TestAuthRegister" name="test_register_test_email" time="0.325" /><testcase classname="backend.tests.test_auth_mobile.TestAuthLogout" name="test_logout" time="0.109" /></testsuite></testsuites>