<?xml version="1.0" encoding="utf-8"?><testsuites name="pytest tests"><testsuite name="pytest" errors="0" failures="0" skipped="0" tests="17" time="1.120" timestamp="2026-04-02T17:51:08.719799+00:00" hostname="agent-env-fb6376c4-3449-41eb-bcab-010cf7016d4b"><testcase classname="backend.tests.test_vrf_issuance.TestVRFCodeStructure" name="test_issue_vrf_function_importable" time="0.343" /><testcase classname="backend.tests.test_vrf_issuance.TestVRFCodeStructure" name="test_admin_imports_vrf_function" time="0.000" /><testcase classname="backend.tests.test_vrf_issuance.TestVRFCodeStructure" name="test_decide_gate_review_calls_vrf" time="0.000" /><testcase classname="backend.tests.test_vrf_issuance.TestVRFCodeStructure" name="test_mark_module_complete_calls_vrf" time="0.000" /><testcase classname="backend.tests.test_vrf_issuance.TestVRFCodeStructure" name="test_vrf_core_modules_are_1_to_6" time="0.000" /><testcase classname="backend.tests.test_vrf_issuance.TestVRFCodeStructure" name="test_vrf_conditional_module7_check" time="0.000" /><testcase classname="backend.tests.test_vrf_issuance.TestVRFAPIEndpoints" name="test_registry_id_endpoint_exists" time="0.228" /><testcase classname="backend.tests.test_vrf_issuance.TestVRFAPIEndpoints" name="test_mark_module_complete_endpoint_exists" time="0.150" /><testcase classname="backend.tests.test_vrf_issuance.TestVRFAPIEndpoints" name="test_gate_modules_blocked_from_complete" time="0.172" /><testcase classname="backend.tests.test_vrf_issuance.TestVRFAPIEndpoints" name="test_health_check" time="0.148" /><testcase classname="backend.tests.test_vrf_issuance.TestFrontendVRFLogic" name="test_is_all_core_done_function_exists" time="0.001" /><testcase classname="backend.tests.test_vrf_issuance.TestFrontendVRFLogic" name="test_is_all_core_done_checks_modules_1_to_6" time="0.000" /><testcase classname="backend.tests.test_vrf_issuance.TestFrontendVRFLogic" name="test_registry_issued_uses_is_all_core_done" time="0.000" /><testcase classname="backend.tests.test_vrf_issuance.TestFrontendVRFLogic" name="test_module7_credential_ceremony" time="0.000" /><testcase classname="backend.tests.test_vrf_issuance.TestFrontendVRFLogic" name="test_module8_no_outside_vrf_text" time="0.000" /><testcase classname="backend.tests.test_vrf_issuance.TestFrontendVRFLogic" name="test_module9_no_outside_vrf_text" time="0.000" /><testcase classname="backend.tests.test_vrf_issuance.TestFrontendVRFLogic" name="test_vrf_pending_message_mentions_core_modules" time="0.000" /></testsuite></testsuites>