<?xml version="1.0" encoding="utf-8"?><testsuites name="pytest tests"><testsuite name="pytest" errors="0" failures="0" skipped="0" tests="5" time="4.229" timestamp="2026-03-13T01:03:14.159577+00:00" hostname="agent-env-fb6376c4-3449-41eb-bcab-010cf7016d4b"><testcase classname="backend.tests.test_partners.TestPartnersEndpoint" name="test_partners_valid_submission" time="0.812" /><testcase classname="backend.tests.test_partners.TestPartnersEndpoint" name="test_partners_without_message" time="0.670" /><testcase classname="backend.tests.test_partners.TestPartnersEndpoint" name="test_partners_missing_required_field" time="0.127" /><testcase classname="backend.tests.test_partners.TestPartnersEndpoint" name="test_partners_invalid_email" time="0.129" /><testcase classname="backend.tests.test_partners.TestPartnersEndpoint" name="test_partners_all_roles" time="2.383" /></testsuite></testsuites>