<?xml version="1.0" encoding="utf-8"?><testsuites name="pytest tests"><testsuite name="pytest" errors="0" failures="1" skipped="0" tests="9" time="9.534" timestamp="2026-03-21T22:36:54.697654+00:00" hostname="agent-env-fb6376c4-3449-41eb-bcab-010cf7016d4b"><testcase classname="backend.tests.test_products.TestCheckout" name="test_checkout_lp_res_001" time="0.642" /><testcase classname="backend.tests.test_products.TestCheckout" name="test_checkout_all_skus" time="7.654" /><testcase classname="backend.tests.test_products.TestCheckout" name="test_checkout_invalid_sku" time="0.110" /><testcase classname="backend.tests.test_products.TestVerify" name="test_verify_fake_session" time="0.304" /><testcase classname="backend.tests.test_products.TestVerify" name="test_verify_empty_session" time="0.107" /><testcase classname="backend.tests.test_products.TestDownload" name="test_download_invalid_token" time="0.165" /><testcase classname="backend.tests.test_products.TestWebhook" name="test_webhook_exists" time="0.202" /><testcase classname="backend.tests.test_products.TestAdminProducts" name="test_admin_files_no_auth" time="0.103"><failure message="AssertionError: Expected 401, got 403&#10;assert 403 == 401&#10; +  where 403 = &lt;Response [403]&gt;.status_code">backend/tests/test_products.py:120: in test_admin_files_no_auth
    assert r.status_code == 401, f"Expected 401, got {r.status_code}"
E   AssertionError: Expected 401, got 403
E   assert 403 == 401
E    +  where 403 = &lt;Response [403]&gt;.status_code</failure></testcase><testcase classname="backend.tests.test_products.TestAdminProducts" name="test_admin_files_with_auth" time="0.171" /></testsuite></testsuites>