<?xml version="1.0" encoding="utf-8"?><testsuites name="pytest tests"><testsuite name="pytest" errors="0" failures="0" skipped="0" tests="8" time="4.814" timestamp="2026-03-20T03:01:04.818067+00:00" hostname="agent-env-fb6376c4-3449-41eb-bcab-010cf7016d4b"><testcase classname="backend.tests.test_new_features.TestAdmissionRequest" name="test_admission_request_returns_ok_and_admission_id" time="0.702" /><testcase classname="backend.tests.test_new_features.TestAdmissionRequest" name="test_admission_request_semi_lane" time="0.580" /><testcase classname="backend.tests.test_new_features.TestAdminAdmissionRequests" name="test_get_admission_requests_returns_array" time="0.111" /><testcase classname="backend.tests.test_new_features.TestAdminAdmissionRequests" name="test_get_admission_requests_fields" time="0.605" /><testcase classname="backend.tests.test_new_features.TestAdminAdmissionRequests" name="test_patch_admission_status_approved" time="0.828" /><testcase classname="backend.tests.test_new_features.TestAdminAdmissionRequests" name="test_patch_invalid_status_returns_400" time="0.635" /><testcase classname="backend.tests.test_new_features.TestStripeCheckout" name="test_create_checkout_returns_checkout_url" time="1.176" /><testcase classname="backend.tests.test_new_features.TestStripeCheckout" name="test_payment_status_invalid_session_returns_404" time="0.120" /></testsuite></testsuites>