<?xml version="1.0" encoding="utf-8"?><testsuites name="pytest tests"><testsuite name="pytest" errors="0" failures="0" skipped="0" tests="5" time="1.539" timestamp="2026-03-16T17:03:06.949978+00:00" hostname="agent-env-fb6376c4-3449-41eb-bcab-010cf7016d4b"><testcase classname="backend.tests.test_iteration44.TestAuthEndpoints" name="test_auth_me_paid" time="0.270" /><testcase classname="backend.tests.test_iteration44.TestAuthEndpoints" name="test_portal_access_paid" time="0.168" /><testcase classname="backend.tests.test_iteration44.TestAuthEndpoints" name="test_portal_access_nopaid" time="0.159" /><testcase classname="backend.tests.test_iteration44.TestREACHEndpoint" name="test_reach_post" time="0.740" /><testcase classname="backend.tests.test_iteration44.TestStatusEndpoint" name="test_status_get" time="0.147" /></testsuite></testsuites>