<?xml version="1.0" encoding="utf-8"?><testsuites name="pytest tests"><testsuite name="pytest" errors="0" failures="0" skipped="0" tests="4" time="1.757" timestamp="2026-03-19T23:40:27.890351+00:00" hostname="agent-env-fb6376c4-3449-41eb-bcab-010cf7016d4b"><testcase classname="backend.tests.test_sins_checklist.TestSinsChecklistAPI" name="test_sins_checklist_returns_ok" time="0.817" /><testcase classname="backend.tests.test_sins_checklist.TestSinsChecklistAPI" name="test_sins_checklist_invalid_email" time="0.161" /><testcase classname="backend.tests.test_sins_checklist.TestSinsChecklistAPI" name="test_sins_checklist_missing_email" time="0.145" /><testcase classname="backend.tests.test_sins_checklist.TestSinsChecklistAPI" name="test_sins_checklist_graceful_on_mailerlite_failure" time="0.546" /></testsuite></testsuites>