<?xml version="1.0" encoding="utf-8"?><testsuites name="pytest tests"><testsuite name="pytest" errors="0" failures="0" skipped="0" tests="8" time="2.722" timestamp="2026-03-20T22:23:53.318990+00:00" hostname="agent-env-fb6376c4-3449-41eb-bcab-010cf7016d4b"><testcase classname="backend.tests.test_waitlist.TestGround0Waitlist" name="test_wait_status_success" time="0.566" /><testcase classname="backend.tests.test_waitlist.TestGround0Waitlist" name="test_nogo_status_success" time="0.483" /><testcase classname="backend.tests.test_waitlist.TestGround0Waitlist" name="test_invalid_status_returns_400" time="0.140" /><testcase classname="backend.tests.test_waitlist.TestGround0Waitlist" name="test_invalid_status_bad_string" time="0.114" /><testcase classname="backend.tests.test_waitlist.TestGround0Waitlist" name="test_missing_email_returns_error" time="0.106" /><testcase classname="backend.tests.test_waitlist.TestGround0Waitlist" name="test_invalid_email_returns_error" time="0.119" /><testcase classname="backend.tests.test_waitlist.TestGround0Waitlist" name="test_wait_without_completion_date" time="0.549" /><testcase classname="backend.tests.test_waitlist.TestGround0Waitlist" name="test_nogo_without_completion_date" time="0.586" /></testsuite></testsuites>